This is TeX, Version 3.14159 (C version 6.1) (format=latex 97.1.21)  16 JAN 1998 09:32
**\nonstopmode\input{LPRng-HOWTO.tex}
(LPRng-HOWTO.tex (/usr/contrib/teTeX/texmf/tex/latex/base/article.cls
Document Class: article 1996/05/26 v1.3r Standard LaTeX document class
(/usr/contrib/teTeX/texmf/tex/latex/base/size10.clo
File: size10.clo 1996/05/26 v1.3r Standard LaTeX file (size option)
)
\c@part=\count79
\c@section=\count80
\c@subsection=\count81
\c@subsubsection=\count82
\c@paragraph=\count83
\c@subparagraph=\count84
\c@figure=\count85
\c@table=\count86
\abovecaptionskip=\skip41
\belowcaptionskip=\skip42
\bibindent=\dimen102
)
(/usr/local/lib/sgml-tools/linuxdoc-sgml.sty
Package: linuxdoc-sgml 
)
(/usr/local/lib/sgml-tools/qwertz.sty
\c@definition=\count87
\c@proposition=\count88
\c@lemma=\count89
\c@corollary=\count90
\c@theorem=\count91
)
(/usr/contrib/teTeX/texmf/tex/latex/misc/url.sty
Package: url 1996/02/06  ver 1.1  Verb mode for urls, email addresses, and file
 names
)
(/usr/contrib/teTeX/texmf/tex/latex/base/inputenc.sty beta test version
Package: inputenc 1996/05/10 v0.9r Input encoding file (test version: liable to
 change)

(/usr/contrib/teTeX/texmf/tex/latex/base/latin1.def
File: latin1.def 1996/05/10 v0.9r Input encoding file (test version: liable to 
change)
))
(/usr/contrib/teTeX/texmf/tex/latex/graphics/epsfig.sty
Package: epsfig 1996/04/11 v1.6 (e)psfig emulation (SPQR)

(/usr/contrib/teTeX/texmf/tex/latex/graphics/graphicx.sty
Package: graphicx 1996/05/29 v1.0 Enhanced LaTeX Graphics (DPC,SPQR)

(/usr/contrib/teTeX/texmf/tex/latex/graphics/keyval.sty
Package: keyval 1995/09/21 v1.09 key=value parser (DPC)
)
(/usr/contrib/teTeX/texmf/tex/latex/graphics/graphics.sty
Package: graphics 1996/05/29 v1.0 Standard LaTeX Graphics (DPC,SPQR)

(/usr/contrib/teTeX/texmf/tex/latex/graphics/trig.sty
Package: trig 1994/10/16 v1.08 sin cos tan (DPC)
)
(/usr/contrib/teTeX/texmf/tex/latex/config/graphics.cfg)
Package graphics Info: Driver file: dvips.def on input line 82.

(/usr/contrib/teTeX/texmf/tex/latex/graphics/dvips.def
File: dvips.def 1996/05/29 v3.00 Driver-dependant file (DPC,SPQR)
))
\Gin@req@height=\dimen103
\Gin@req@width=\dimen104
)
\epsfxsize=\dimen105
\epsfysize=\dimen106
)
(/usr/local/lib/sgml-tools/null.sty) (LPRng-HOWTO.aux)
LaTeX Font Info:    Checking defaults for OML/cmm/m/it on input line 37.
LaTeX Font Info:    ... okay on input line 37.
LaTeX Font Info:    Checking defaults for T1/cmr/m/n on input line 37.
LaTeX Font Info:    ... okay on input line 37.
LaTeX Font Info:    Checking defaults for OT1/cmr/m/n on input line 37.
LaTeX Font Info:    ... okay on input line 37.
LaTeX Font Info:    Checking defaults for OMS/cmsy/m/n on input line 37.
LaTeX Font Info:    ... okay on input line 37.
LaTeX Font Info:    Checking defaults for OMX/cmex/m/n on input line 37.
LaTeX Font Info:    ... okay on input line 37.
LaTeX Font Info:    Checking defaults for U/cmr/m/n on input line 37.
LaTeX Font Info:    ... okay on input line 37.
LaTeX Font Info:    External font `cmex10' loaded for size
(Font)              <7> on input line 38.
LaTeX Font Info:    External font `cmex10' loaded for size
(Font)              <5> on input line 38.

Underfull \hbox (badness 10000) in paragraph at lines 38--38

 []

(LPRng-HOWTO.toc [1

] [2] [3] [4] [5] [6] [7])
\tf@toc=\write3
 [8] [9]
Underfull \hbox (badness 10000) in paragraph at lines 241--243

 []


Underfull \hbox (badness 10000) in paragraph at lines 244--253

 []

[10] [11] [12] [13] [14] [15] [16] [17] [18] [19] [20] [21] [22] [23] [24]
[25] [26] [27] [28] [29] [30] [31] [32] [33] [34] [35] [36] [37] [38]
Overfull \hbox (24.4727pt too wide) in paragraph at lines 2428--2516
 [] 
 []


LaTeX Warning: Float too large for page by 495.58229pt on input line 2517.


LaTeX Warning: Float too large for page by 494.58229pt on input line 2610.

[39] [40] [41] [42] [43] [44] [45] [46] [47] [48] [49] [50] [51] [52] [53]
[54] [55] [56] [57] [58] [59] [60] [61] [62] [63] [64]
Underfull \hbox (badness 5050) in paragraph at lines 4404--4409
\OT1/cmr/m/n/10 This note is based on ma-te-rial sent to the \OT1/cmtt/m/n/10 l
prng@iona.ie \OT1/cmr/m/n/10 mail-ing list by Paul Hal-dane
 []

[65] [66] [67] [68] [69] [70] [71] [72] [73] [74] [75] [76] [77] [78] [79]
[80] [81] [82] [83] [84] [85] [86]
Overfull \hbox (20.8903pt too wide) in paragraph at lines 6294--6301
 [] 
 []

[87] [88] [89]

LaTeX Font Warning: Font shape `OT1/cmtt/bx/n' in size <10> not available
(Font)              Font shape `OT1/cmtt/m/n' tried instead on input line 6481.


[90]
Overfull \hbox (1545.05632pt too wide) in paragraph at lines 6622--6649
 [] 
 []

[91] [92] [93] [94] [95]
Overfull \hbox (3325.8605pt too wide) in paragraph at lines 6951--6969
 [] 
 []

[96] [97] [98] [99] [100] [101] [102] [103] [104] [105] [106] [107] [108]
[109] [110] [111]
Underfull \hbox (badness 10000) in paragraph at lines 8314--8322
[]\OT1/cmr/m/n/10 The NOT key-word re-verse the match sense. For ex-am-ple \OT1
/cmtt/m/n/10 REJECT NOT
 []

[112] [113] [114] [115] [116] [117] [118] [119] [120] [121]
Underfull \hbox (badness 1215) in paragraph at lines 9093--9097
\OT1/cmr/m/n/10 that when au-then-ti-cat-ing to host \OT1/cmr/m/it/10 nowhere.c
om\OT1/cmr/m/n/10 , a \OT1/cmtt/m/n/10 remote[]user=lpr@%R \OT1/cmr/m/n/10 will
 be ex-panded to
 []

[122] [123] [124] [125] [126] [127] [128] [129] [130] [131] [132] [133]
[134] [135] [136] [137] [138] [139] [140] [141] [142] [143] [144] [145]
Overfull \hbox (34.63171pt too wide) in paragraph at lines 10981--11007
 [] 
 []

[146] [147] [148] (LPRng-HOWTO.aux) ) 
Here is how much of TeX's memory you used:
 959 strings out of 10915
 10194 string characters out of 72333
 79731 words of memory out of 262141
 3824 multiletter control sequences out of 9500
 6750 words of font info for 25 fonts, out of 150000 for 255
 14 hyphenation exceptions out of 607
 33i,9n,21p,906b,373s stack positions out of 300i,40n,60p,3000b,4000s

Output written on LPRng-HOWTO.dvi (148 pages, 550084 bytes).
